2024-02-23 20:07:07,693 [Worker-3: Loading available Gradle versions] INFO  o.e.b.c.i.u.g.PublishedGradleVersions - Gradle version information cache is up-to-date. Trying to read.
2024-02-23 20:17:56,361 [Worker-13: Запуск mavenrun-6b459c89-2f75-4510-a7a5-65d584f4d9e1] INFO  o.eclipse.m2e.core.internal.Bundles - getClasspathEntries(Bundle=org.eclipse.m2e.maven.runtime_3.9.600.20231203-1234 [877])
2024-02-23 20:17:56,371 [Worker-13: Запуск mavenrun-6b459c89-2f75-4510-a7a5-65d584f4d9e1] INFO  o.eclipse.m2e.core.internal.Bundles - 	Entry: C:\Users\Armen\.p2\pool\plugins\org.eclipse.m2e.maven.runtime_3.9.600.20231203-1234
2024-02-23 20:17:56,373 [Worker-13: Запуск mavenrun-6b459c89-2f75-4510-a7a5-65d584f4d9e1] INFO  o.eclipse.m2e.core.internal.Bundles - 	Entry: C:\Users\Armen\.p2\pool\plugins\org.eclipse.m2e.maven.runtime_3.9.600.20231203-1234\jars\aopalliance-1.0.jar
2024-02-23 20:17:56,376 [Worker-13: Запуск mavenrun-6b459c89-2f75-4510-a7a5-65d584f4d9e1] INFO  o.eclipse.m2e.core.internal.Bundles - 	Entry: C:\Users\Armen\.p2\pool\plugins\org.eclipse.m2e.maven.runtime_3.9.600.20231203-1234\jars\guice-5.1.0.jar
2024-02-23 20:17:56,377 [Worker-13: Запуск mavenrun-6b459c89-2f75-4510-a7a5-65d584f4d9e1] INFO  o.eclipse.m2e.core.internal.Bundles - 	Entry: C:\Users\Armen\.p2\pool\plugins\org.eclipse.m2e.maven.runtime_3.9.600.20231203-1234\jars\httpclient-4.5.14.jar
2024-02-23 20:17:56,378 [Worker-13: Запуск mavenrun-6b459c89-2f75-4510-a7a5-65d584f4d9e1] INFO  o.eclipse.m2e.core.internal.Bundles - 	Entry: C:\Users\Armen\.p2\pool\plugins\org.eclipse.m2e.maven.runtime_3.9.600.20231203-1234\jars\httpcore-4.4.16.jar
2024-02-23 20:17:56,379 [Worker-13: Запуск mavenrun-6b459c89-2f75-4510-a7a5-65d584f4d9e1] INFO  o.eclipse.m2e.core.internal.Bundles - 	Entry: C:\Users\Armen\.p2\pool\plugins\org.eclipse.m2e.maven.runtime_3.9.600.20231203-1234\jars\jansi-2.4.0.jar
2024-02-23 20:17:56,380 [Worker-13: Запуск mavenrun-6b459c89-2f75-4510-a7a5-65d584f4d9e1] INFO  o.eclipse.m2e.core.internal.Bundles - 	Entry: C:\Users\Armen\.p2\pool\plugins\org.eclipse.m2e.maven.runtime_3.9.600.20231203-1234\jars\jcl-over-slf4j-1.7.36.jar
2024-02-23 20:17:56,381 [Worker-13: Запуск mavenrun-6b459c89-2f75-4510-a7a5-65d584f4d9e1] INFO  o.eclipse.m2e.core.internal.Bundles - 	Entry: C:\Users\Armen\.p2\pool\plugins\org.eclipse.m2e.maven.runtime_3.9.600.20231203-1234\jars\maven-artifact-3.9.6.jar
2024-02-23 20:17:56,382 [Worker-13: Запуск mavenrun-6b459c89-2f75-4510-a7a5-65d584f4d9e1] INFO  o.eclipse.m2e.core.internal.Bundles - 	Entry: C:\Users\Armen\.p2\pool\plugins\org.eclipse.m2e.maven.runtime_3.9.600.20231203-1234\jars\maven-builder-support-3.9.6.jar
2024-02-23 20:17:56,382 [Worker-13: Запуск mavenrun-6b459c89-2f75-4510-a7a5-65d584f4d9e1] INFO  o.eclipse.m2e.core.internal.Bundles - 	Entry: C:\Users\Armen\.p2\pool\plugins\org.eclipse.m2e.maven.runtime_3.9.600.20231203-1234\jars\maven-compat-3.9.6.jar
2024-02-23 20:17:56,383 [Worker-13: Запуск mavenrun-6b459c89-2f75-4510-a7a5-65d584f4d9e1] INFO  o.eclipse.m2e.core.internal.Bundles - 	Entry: C:\Users\Armen\.p2\pool\plugins\org.eclipse.m2e.maven.runtime_3.9.600.20231203-1234\jars\maven-core-3.9.6.jar
2024-02-23 20:17:56,384 [Worker-13: Запуск mavenrun-6b459c89-2f75-4510-a7a5-65d584f4d9e1] INFO  o.eclipse.m2e.core.internal.Bundles - 	Entry: C:\Users\Armen\.p2\pool\plugins\org.eclipse.m2e.maven.runtime_3.9.600.20231203-1234\jars\maven-embedder-3.9.6.jar
2024-02-23 20:17:56,385 [Worker-13: Запуск mavenrun-6b459c89-2f75-4510-a7a5-65d584f4d9e1] INFO  o.eclipse.m2e.core.internal.Bundles - 	Entry: C:\Users\Armen\.p2\pool\plugins\org.eclipse.m2e.maven.runtime_3.9.600.20231203-1234\jars\maven-model-3.9.6.jar
2024-02-23 20:17:56,386 [Worker-13: Запуск mavenrun-6b459c89-2f75-4510-a7a5-65d584f4d9e1] INFO  o.eclipse.m2e.core.internal.Bundles - 	Entry: C:\Users\Armen\.p2\pool\plugins\org.eclipse.m2e.maven.runtime_3.9.600.20231203-1234\jars\maven-model-builder-3.9.6.jar
2024-02-23 20:17:56,387 [Worker-13: Запуск mavenrun-6b459c89-2f75-4510-a7a5-65d584f4d9e1] INFO  o.eclipse.m2e.core.internal.Bundles - 	Entry: C:\Users\Armen\.p2\pool\plugins\org.eclipse.m2e.maven.runtime_3.9.600.20231203-1234\jars\maven-plugin-api-3.9.6.jar
2024-02-23 20:17:56,388 [Worker-13: Запуск mavenrun-6b459c89-2f75-4510-a7a5-65d584f4d9e1] INFO  o.eclipse.m2e.core.internal.Bundles - 	Entry: C:\Users\Armen\.p2\pool\plugins\org.eclipse.m2e.maven.runtime_3.9.600.20231203-1234\jars\maven-repository-metadata-3.9.6.jar
2024-02-23 20:17:56,389 [Worker-13: Запуск mavenrun-6b459c89-2f75-4510-a7a5-65d584f4d9e1] INFO  o.eclipse.m2e.core.internal.Bundles - 	Entry: C:\Users\Armen\.p2\pool\plugins\org.eclipse.m2e.maven.runtime_3.9.600.20231203-1234\jars\maven-resolver-api-1.9.18.jar
2024-02-23 20:17:56,391 [Worker-13: Запуск mavenrun-6b459c89-2f75-4510-a7a5-65d584f4d9e1] INFO  o.eclipse.m2e.core.internal.Bundles - 	Entry: C:\Users\Armen\.p2\pool\plugins\org.eclipse.m2e.maven.runtime_3.9.600.20231203-1234\jars\maven-resolver-connector-basic-1.9.18.jar
2024-02-23 20:17:56,392 [Worker-13: Запуск mavenrun-6b459c89-2f75-4510-a7a5-65d584f4d9e1] INFO  o.eclipse.m2e.core.internal.Bundles - 	Entry: C:\Users\Armen\.p2\pool\plugins\org.eclipse.m2e.maven.runtime_3.9.600.20231203-1234\jars\maven-resolver-impl-1.9.18.jar
2024-02-23 20:17:56,393 [Worker-13: Запуск mavenrun-6b459c89-2f75-4510-a7a5-65d584f4d9e1] INFO  o.eclipse.m2e.core.internal.Bundles - 	Entry: C:\Users\Armen\.p2\pool\plugins\org.eclipse.m2e.maven.runtime_3.9.600.20231203-1234\jars\maven-resolver-named-locks-1.9.18.jar
2024-02-23 20:17:56,394 [Worker-13: Запуск mavenrun-6b459c89-2f75-4510-a7a5-65d584f4d9e1] INFO  o.eclipse.m2e.core.internal.Bundles - 	Entry: C:\Users\Armen\.p2\pool\plugins\org.eclipse.m2e.maven.runtime_3.9.600.20231203-1234\jars\maven-resolver-provider-3.9.6.jar
2024-02-23 20:17:56,395 [Worker-13: Запуск mavenrun-6b459c89-2f75-4510-a7a5-65d584f4d9e1] INFO  o.eclipse.m2e.core.internal.Bundles - 	Entry: C:\Users\Armen\.p2\pool\plugins\org.eclipse.m2e.maven.runtime_3.9.600.20231203-1234\jars\maven-resolver-spi-1.9.18.jar
2024-02-23 20:17:56,396 [Worker-13: Запуск mavenrun-6b459c89-2f75-4510-a7a5-65d584f4d9e1] INFO  o.eclipse.m2e.core.internal.Bundles - 	Entry: C:\Users\Armen\.p2\pool\plugins\org.eclipse.m2e.maven.runtime_3.9.600.20231203-1234\jars\maven-resolver-transport-file-1.9.18.jar
2024-02-23 20:17:56,397 [Worker-13: Запуск mavenrun-6b459c89-2f75-4510-a7a5-65d584f4d9e1] INFO  o.eclipse.m2e.core.internal.Bundles - 	Entry: C:\Users\Armen\.p2\pool\plugins\org.eclipse.m2e.maven.runtime_3.9.600.20231203-1234\jars\maven-resolver-transport-http-1.9.18.jar
2024-02-23 20:17:56,398 [Worker-13: Запуск mavenrun-6b459c89-2f75-4510-a7a5-65d584f4d9e1] INFO  o.eclipse.m2e.core.internal.Bundles - 	Entry: C:\Users\Armen\.p2\pool\plugins\org.eclipse.m2e.maven.runtime_3.9.600.20231203-1234\jars\maven-resolver-transport-wagon-1.9.18.jar
2024-02-23 20:17:56,399 [Worker-13: Запуск mavenrun-6b459c89-2f75-4510-a7a5-65d584f4d9e1] INFO  o.eclipse.m2e.core.internal.Bundles - 	Entry: C:\Users\Armen\.p2\pool\plugins\org.eclipse.m2e.maven.runtime_3.9.600.20231203-1234\jars\maven-resolver-util-1.9.18.jar
2024-02-23 20:17:56,400 [Worker-13: Запуск mavenrun-6b459c89-2f75-4510-a7a5-65d584f4d9e1] INFO  o.eclipse.m2e.core.internal.Bundles - 	Entry: C:\Users\Armen\.p2\pool\plugins\org.eclipse.m2e.maven.runtime_3.9.600.20231203-1234\jars\maven-settings-3.9.6.jar
2024-02-23 20:17:56,401 [Worker-13: Запуск mavenrun-6b459c89-2f75-4510-a7a5-65d584f4d9e1] INFO  o.eclipse.m2e.core.internal.Bundles - 	Entry: C:\Users\Armen\.p2\pool\plugins\org.eclipse.m2e.maven.runtime_3.9.600.20231203-1234\jars\maven-settings-builder-3.9.6.jar
2024-02-23 20:17:56,401 [Worker-13: Запуск mavenrun-6b459c89-2f75-4510-a7a5-65d584f4d9e1] INFO  o.eclipse.m2e.core.internal.Bundles - 	Entry: C:\Users\Armen\.p2\pool\plugins\org.eclipse.m2e.maven.runtime_3.9.600.20231203-1234\jars\maven-shared-utils-3.3.4.jar
2024-02-23 20:17:56,402 [Worker-13: Запуск mavenrun-6b459c89-2f75-4510-a7a5-65d584f4d9e1] INFO  o.eclipse.m2e.core.internal.Bundles - 	Entry: C:\Users\Armen\.p2\pool\plugins\org.eclipse.m2e.maven.runtime_3.9.600.20231203-1234\jars\org.eclipse.sisu.inject-0.9.0.M2.jar
2024-02-23 20:17:56,404 [Worker-13: Запуск mavenrun-6b459c89-2f75-4510-a7a5-65d584f4d9e1] INFO  o.eclipse.m2e.core.internal.Bundles - 	Entry: C:\Users\Armen\.p2\pool\plugins\org.eclipse.m2e.maven.runtime_3.9.600.20231203-1234\jars\org.eclipse.sisu.plexus-0.9.0.M2.jar
2024-02-23 20:17:56,405 [Worker-13: Запуск mavenrun-6b459c89-2f75-4510-a7a5-65d584f4d9e1] INFO  o.eclipse.m2e.core.internal.Bundles - 	Entry: C:\Users\Armen\.p2\pool\plugins\org.eclipse.m2e.maven.runtime_3.9.600.20231203-1234\jars\plexus-build-api-0.0.7.jar
2024-02-23 20:17:56,423 [Worker-13: Запуск mavenrun-6b459c89-2f75-4510-a7a5-65d584f4d9e1] INFO  o.eclipse.m2e.core.internal.Bundles - 	Entry: C:\Users\Armen\.p2\pool\plugins\org.eclipse.m2e.maven.runtime_3.9.600.20231203-1234\jars\plexus-cipher-2.0.jar
2024-02-23 20:17:56,424 [Worker-13: Запуск mavenrun-6b459c89-2f75-4510-a7a5-65d584f4d9e1] INFO  o.eclipse.m2e.core.internal.Bundles - 	Entry: C:\Users\Armen\.p2\pool\plugins\org.eclipse.m2e.maven.runtime_3.9.600.20231203-1234\jars\plexus-classworlds-2.7.0.jar
2024-02-23 20:17:56,425 [Worker-13: Запуск mavenrun-6b459c89-2f75-4510-a7a5-65d584f4d9e1] INFO  o.eclipse.m2e.core.internal.Bundles - 	Entry: C:\Users\Armen\.p2\pool\plugins\org.eclipse.m2e.maven.runtime_3.9.600.20231203-1234\jars\plexus-component-annotations-2.1.0.jar
2024-02-23 20:17:56,426 [Worker-13: Запуск mavenrun-6b459c89-2f75-4510-a7a5-65d584f4d9e1] INFO  o.eclipse.m2e.core.internal.Bundles - 	Entry: C:\Users\Armen\.p2\pool\plugins\org.eclipse.m2e.maven.runtime_3.9.600.20231203-1234\jars\plexus-interpolation-1.26.jar
2024-02-23 20:17:56,428 [Worker-13: Запуск mavenrun-6b459c89-2f75-4510-a7a5-65d584f4d9e1] INFO  o.eclipse.m2e.core.internal.Bundles - 	Entry: C:\Users\Armen\.p2\pool\plugins\org.eclipse.m2e.maven.runtime_3.9.600.20231203-1234\jars\plexus-sec-dispatcher-2.0.jar
2024-02-23 20:17:56,429 [Worker-13: Запуск mavenrun-6b459c89-2f75-4510-a7a5-65d584f4d9e1] INFO  o.eclipse.m2e.core.internal.Bundles - 	Entry: C:\Users\Armen\.p2\pool\plugins\org.eclipse.m2e.maven.runtime_3.9.600.20231203-1234\jars\plexus-utils-3.5.1.jar
2024-02-23 20:17:56,430 [Worker-13: Запуск mavenrun-6b459c89-2f75-4510-a7a5-65d584f4d9e1] INFO  o.eclipse.m2e.core.internal.Bundles - 	Entry: C:\Users\Armen\.p2\pool\plugins\org.eclipse.m2e.maven.runtime_3.9.600.20231203-1234\jars\wagon-file-3.5.3.jar
2024-02-23 20:17:56,431 [Worker-13: Запуск mavenrun-6b459c89-2f75-4510-a7a5-65d584f4d9e1] INFO  o.eclipse.m2e.core.internal.Bundles - 	Entry: C:\Users\Armen\.p2\pool\plugins\org.eclipse.m2e.maven.runtime_3.9.600.20231203-1234\jars\wagon-http-3.5.3.jar
2024-02-23 20:17:56,432 [Worker-13: Запуск mavenrun-6b459c89-2f75-4510-a7a5-65d584f4d9e1] INFO  o.eclipse.m2e.core.internal.Bundles - 	Entry: C:\Users\Armen\.p2\pool\plugins\org.eclipse.m2e.maven.runtime_3.9.600.20231203-1234\jars\wagon-http-shared-3.5.3.jar
2024-02-23 20:17:56,433 [Worker-13: Запуск mavenrun-6b459c89-2f75-4510-a7a5-65d584f4d9e1] INFO  o.eclipse.m2e.core.internal.Bundles - 	Entry: C:\Users\Armen\.p2\pool\plugins\org.eclipse.m2e.maven.runtime_3.9.600.20231203-1234\jars\wagon-provider-api-3.5.3.jar
2024-02-23 20:17:56,440 [Worker-13: Запуск mavenrun-6b459c89-2f75-4510-a7a5-65d584f4d9e1] INFO  o.eclipse.m2e.core.internal.Bundles - getClasspathEntries(Bundle=com.google.guava_32.1.3.jre [10])
2024-02-23 20:17:56,442 [Worker-13: Запуск mavenrun-6b459c89-2f75-4510-a7a5-65d584f4d9e1] INFO  o.eclipse.m2e.core.internal.Bundles - 	Entry: C:\Users\Armen\.p2\pool\plugins\com.google.guava_32.1.3.jre.jar
2024-02-23 20:17:56,442 [Worker-13: Запуск mavenrun-6b459c89-2f75-4510-a7a5-65d584f4d9e1] INFO  o.eclipse.m2e.core.internal.Bundles - getClasspathEntries(Bundle=slf4j.api_2.0.12 [889])
2024-02-23 20:17:56,443 [Worker-13: Запуск mavenrun-6b459c89-2f75-4510-a7a5-65d584f4d9e1] INFO  o.eclipse.m2e.core.internal.Bundles - 	Entry: C:\Users\Armen\.p2\pool\plugins\slf4j.api_2.0.12.jar
2024-02-23 20:17:56,444 [Worker-13: Запуск mavenrun-6b459c89-2f75-4510-a7a5-65d584f4d9e1] INFO  o.eclipse.m2e.core.internal.Bundles - getClasspathEntries(Bundle=javax.inject_1.0.0.v20091030 [817])
2024-02-23 20:17:56,446 [Worker-13: Запуск mavenrun-6b459c89-2f75-4510-a7a5-65d584f4d9e1] INFO  o.eclipse.m2e.core.internal.Bundles - 	Entry: C:\Users\Armen\.p2\pool\plugins\javax.inject_1.0.0.v20091030.jar
2024-02-23 20:17:56,446 [Worker-13: Запуск mavenrun-6b459c89-2f75-4510-a7a5-65d584f4d9e1] INFO  o.eclipse.m2e.core.internal.Bundles - getClasspathEntries(Bundle=jakarta.annotation-api_1.3.5 [20])
2024-02-23 20:17:56,448 [Worker-13: Запуск mavenrun-6b459c89-2f75-4510-a7a5-65d584f4d9e1] INFO  o.eclipse.m2e.core.internal.Bundles - 	Entry: C:\Users\Armen\.p2\pool\plugins\jakarta.annotation-api_1.3.5.jar
2024-02-23 20:17:56,448 [Worker-13: Запуск mavenrun-6b459c89-2f75-4510-a7a5-65d584f4d9e1] INFO  o.eclipse.m2e.core.internal.Bundles - getClasspathEntries(Bundle=org.apache.commons.cli_1.6.0 [46])
2024-02-23 20:17:56,450 [Worker-13: Запуск mavenrun-6b459c89-2f75-4510-a7a5-65d584f4d9e1] INFO  o.eclipse.m2e.core.internal.Bundles - 	Entry: C:\Users\Armen\.p2\pool\plugins\org.apache.commons.cli_1.6.0.jar
2024-02-23 20:17:56,451 [Worker-13: Запуск mavenrun-6b459c89-2f75-4510-a7a5-65d584f4d9e1] INFO  o.eclipse.m2e.core.internal.Bundles - getClasspathEntries(Bundle=org.apache.commons.commons-codec_1.16.0 [48])
2024-02-23 20:17:56,453 [Worker-13: Запуск mavenrun-6b459c89-2f75-4510-a7a5-65d584f4d9e1] INFO  o.eclipse.m2e.core.internal.Bundles - 	Entry: C:\Users\Armen\.p2\pool\plugins\org.apache.commons.commons-codec_1.16.0.jar
2024-02-23 20:17:56,453 [Worker-13: Запуск mavenrun-6b459c89-2f75-4510-a7a5-65d584f4d9e1] INFO  o.eclipse.m2e.core.internal.Bundles - getClasspathEntries(Bundle=org.apache.commons.lang3_3.14.0 [868])
2024-02-23 20:17:56,455 [Worker-13: Запуск mavenrun-6b459c89-2f75-4510-a7a5-65d584f4d9e1] INFO  o.eclipse.m2e.core.internal.Bundles - 	Entry: C:\Users\Armen\.p2\pool\plugins\org.apache.commons.lang3_3.14.0.jar
2024-02-23 20:17:56,455 [Worker-13: Запуск mavenrun-6b459c89-2f75-4510-a7a5-65d584f4d9e1] INFO  o.eclipse.m2e.core.internal.Bundles - getClasspathEntries(Bundle=com.google.guava.failureaccess_1.0.2 [11])
2024-02-23 20:17:56,457 [Worker-13: Запуск mavenrun-6b459c89-2f75-4510-a7a5-65d584f4d9e1] INFO  o.eclipse.m2e.core.internal.Bundles - 	Entry: C:\Users\Armen\.p2\pool\plugins\com.google.guava.failureaccess_1.0.2.jar
2024-02-23 20:17:56,470 [Worker-13: Запуск mavenrun-6b459c89-2f75-4510-a7a5-65d584f4d9e1] INFO  o.e.m.i.launch.MavenLaunchDelegate - Run build in "C:\Users\Armen\AppData\Local\Temp\m2e-archetypeGenerator109583547788024786":
2024-02-23 20:17:56,482 [Worker-13: Запуск mavenrun-6b459c89-2f75-4510-a7a5-65d584f4d9e1] INFO  o.e.m.i.launch.MavenLaunchDelegate -  mvn  -DarchetypeGroupId=org.apache.maven.archetypes -DarchetypeArtifactId=maven-archetype-quickstart -DarchetypeVersion=1.4 -DgroupId=FitnessCalculator -DartifactId=FitnessCalculatorMaven -Dversion=0.0.1-SNAPSHOT -Dpackage=FitnessCalculator.FitnessCalculatorMaven -DoutputDirectory="B:\java jdk\workspace\Developer1" -Dstyle.color=always -U archetype:generate
2024-02-23 20:18:30,875 [Worker-11: Creating maven-archetype-quickstart] INFO  o.e.m.c.i.p.ProjectConfigurationManager - Collecting project info '/pom.xml' B:\java jdk\workspace\Developer1\FitnessCalculatorMaven\pom.xml
2024-02-23 20:18:35,503 [Worker-11: Creating maven-archetype-quickstart] INFO  o.e.m.c.i.l.LifecycleMappingFactory - Using org.eclipse.m2e.jdt.JarLifecycleMapping lifecycle mapping for MavenProject: FitnessCalculator:FitnessCalculatorMaven:0.0.1-SNAPSHOT @ B:\java jdk\workspace\Developer1\FitnessCalculatorMaven\pom.xml.
2024-02-23 20:18:38,180 [Worker-11: Creating maven-archetype-quickstart] INFO  o.e.m.j.i.AbstractJavaProjectConfigurator - Adding source folder /FitnessCalculatorMaven/src/main/java
2024-02-23 20:18:38,185 [Worker-11: Creating maven-archetype-quickstart] INFO  o.e.m.j.i.AbstractJavaProjectConfigurator - Adding resource folder /FitnessCalculatorMaven/src/main/resources
2024-02-23 20:18:38,211 [Worker-11: Creating maven-archetype-quickstart] INFO  o.e.m.j.i.AbstractJavaProjectConfigurator - Adding source folder /FitnessCalculatorMaven/src/test/java
2024-02-23 20:18:38,213 [Worker-11: Creating maven-archetype-quickstart] INFO  o.e.m.j.i.AbstractJavaProjectConfigurator - Adding resource folder /FitnessCalculatorMaven/src/test/resources
2024-02-23 20:18:38,812 [Worker-11: Creating maven-archetype-quickstart] INFO  o.e.m.c.i.p.ProjectConfigurationManager - Imported and configured 1 project(s) in 7 sec
2024-02-23 20:18:42,024 [Worker-11: Сборка] INFO  o.e.m.c.i.embedder.EclipseLogger - Using 'UTF-8' encoding to copy filtered resources.
2024-02-23 20:18:42,024 [Worker-11: Сборка] INFO  o.e.m.c.i.embedder.EclipseLogger - skip non existing resourceDirectory B:\java jdk\workspace\Developer1\FitnessCalculatorMaven\src\main\resources
2024-02-23 20:18:42,045 [Worker-11: Сборка] INFO  o.e.m.c.i.embedder.EclipseLogger - Using 'UTF-8' encoding to copy filtered resources.
2024-02-23 20:18:42,045 [Worker-11: Сборка] INFO  o.e.m.c.i.embedder.EclipseLogger - skip non existing resourceDirectory B:\java jdk\workspace\Developer1\FitnessCalculatorMaven\src\test\resources
2024-02-23 20:27:39,291 [Worker-14: Сборка] INFO  o.e.m.c.i.embedder.EclipseLogger - Using 'UTF-8' encoding to copy filtered resources.
2024-02-23 20:27:39,293 [Worker-14: Сборка] INFO  o.e.m.c.i.embedder.EclipseLogger - skip non existing resourceDirectory B:\java jdk\workspace\Developer1\FitnessCalculatorMaven\src\main\resources
2024-02-23 20:27:39,324 [Worker-14: Сборка] INFO  o.e.m.c.i.embedder.EclipseLogger - Using 'UTF-8' encoding to copy filtered resources.
2024-02-23 20:27:39,324 [Worker-14: Сборка] INFO  o.e.m.c.i.embedder.EclipseLogger - skip non existing resourceDirectory B:\java jdk\workspace\Developer1\FitnessCalculatorMaven\src\test\resources
2024-02-23 20:40:26,090 [Worker-0: Loading available Gradle versions] INFO  o.e.b.c.i.u.g.PublishedGradleVersions - Gradle version information cache is up-to-date. Trying to read.
2024-02-23 20:40:39,195 [Worker-2: Deferred Early Start] INFO  o.a.h.c.h.i.c.HttpRequestRetryExec - Recoverable I/O exception (java.net.SocketException) caught when processing request to {s}->https://www.eclipse.org:443
